
2024/01/05 (20:28:36) | ===> btop++ v.1.2.13
2024/01/05 (20:28:36) | ERROR: Exception in main loop -> filesystem error: directory iterator cannot open directory: No such file or directory [/usr/share/btop/themes]

2024/01/14 (00:01:11) | ===> btop++ v.1.3.0
2024/01/14 (00:01:11) | ERROR: Couldn't determine terminal size of "STDOUT_FILENO"!
2024/01/14 (00:01:11) | ERROR: Couldn't determine terminal size of "/dev/tty"!

2024/01/14 (00:43:20) | ===> btop++ v.1.3.0
2024/01/14 (00:43:20) | ERROR: Stall in Runner thread, restarting!
2024/01/14 (00:43:32) | ERROR: Stall in Runner thread, restarting!
2024/01/14 (00:43:53) | ERROR: Stall in Runner thread, restarting!
2024/01/14 (00:44:20) | ERROR: Stall in Runner thread, restarting!

2024/02/06 (19:24:17) | ===> btop++ v.1.3.0
2024/02/06 (19:24:17) | ERROR: Exception during Config::unlock() : unordered_map::at

2024/02/06 (19:28:57) | ===> btop++ v.1.3.0
2024/02/06 (19:28:57) | ERROR: Exception during Config::unlock() : unordered_map::at

2024/02/06 (19:29:42) | ===> btop++ v.1.3.0
2024/02/06 (19:29:42) | ERROR: Exception during Config::unlock() : unordered_map::at

2024/02/09 (17:32:51) | ===> btop++ v.1.3.0
2024/02/09 (17:32:51) | ERROR: Exception during Config::unlock() : unordered_map::at

2024/02/09 (17:34:28) | ===> btop++ v.1.3.0
2024/02/09 (17:34:28) | ERROR: No tty detected!
btop++ needs an interactive shell to run.

2024/02/09 (17:51:58) | ===> btop++ v.1.3.0
2024/02/09 (17:51:58) | ERROR: Exception during Config::unlock() : unordered_map::at

2024/02/10 (01:42:14) | ===> btop++ v.1.3.0
2024/02/10 (01:42:14) | ERROR: No tty detected!
btop++ needs an interactive shell to run.

2024/02/15 (15:26:54) | ===> btop++ v.1.3.2
2024/02/15 (15:26:54) | ERROR: Couldn't determine terminal size of "STDOUT_FILENO"!
2024/02/15 (15:26:54) | ERROR: Couldn't determine terminal size of "/dev/tty"!

2024/02/19 (16:07:56) | ===> btop++ v.1.3.2
2024/02/19 (16:07:56) | ERROR: Couldn't determine terminal size of "STDOUT_FILENO"!
2024/02/19 (16:07:56) | ERROR: Couldn't determine terminal size of "/dev/tty"!
2024/02/19 (16:07:58) | ERROR: Couldn't determine terminal size of "STDOUT_FILENO"!
2024/02/19 (16:07:58) | ERROR: Couldn't determine terminal size of "/dev/tty"!
2024/02/19 (16:08:00) | ERROR: Couldn't determine terminal size of "STDOUT_FILENO"!
2024/02/19 (16:08:00) | ERROR: Couldn't determine terminal size of "/dev/tty"!
2024/02/19 (16:08:02) | ERROR: Couldn't determine terminal size of "STDOUT_FILENO"!
2024/02/19 (16:08:02) | ERROR: Couldn't determine terminal size of "/dev/tty"!
2024/02/19 (16:08:04) | ERROR: Couldn't determine terminal size of "STDOUT_FILENO"!
2024/02/19 (16:08:04) | ERROR: Couldn't determine terminal size of "/dev/tty"!
2024/02/19 (16:08:06) | ERROR: Couldn't determine terminal size of "STDOUT_FILENO"!
2024/02/19 (16:08:06) | ERROR: Couldn't determine terminal size of "/dev/tty"!
2024/02/19 (16:08:08) | ERROR: Couldn't determine terminal size of "STDOUT_FILENO"!
2024/02/19 (16:08:08) | ERROR: Couldn't determine terminal size of "/dev/tty"!
2024/02/19 (16:08:10) | ERROR: Couldn't determine terminal size of "STDOUT_FILENO"!
2024/02/19 (16:08:10) | ERROR: Couldn't determine terminal size of "/dev/tty"!
2024/02/19 (16:08:12) | ERROR: Couldn't determine terminal size of "STDOUT_FILENO"!
2024/02/19 (16:08:12) | ERROR: Couldn't determine terminal size of "/dev/tty"!
2024/02/19 (16:08:14) | ERROR: Couldn't determine terminal size of "STDOUT_FILENO"!
2024/02/19 (16:08:14) | ERROR: Couldn't determine terminal size of "/dev/tty"!
2024/02/19 (16:08:16) | ERROR: Couldn't determine terminal size of "STDOUT_FILENO"!
2024/02/19 (16:08:16) | ERROR: Couldn't determine terminal size of "/dev/tty"!
2024/02/19 (16:08:18) | ERROR: Couldn't determine terminal size of "STDOUT_FILENO"!
2024/02/19 (16:08:18) | ERROR: Couldn't determine terminal size of "/dev/tty"!
2024/02/19 (16:08:20) | ERROR: Couldn't determine terminal size of "STDOUT_FILENO"!
2024/02/19 (16:08:20) | ERROR: Couldn't determine terminal size of "/dev/tty"!
2024/02/19 (16:08:22) | ERROR: Couldn't determine terminal size of "STDOUT_FILENO"!
2024/02/19 (16:08:22) | ERROR: Couldn't determine terminal size of "/dev/tty"!
2024/02/19 (16:08:24) | ERROR: Couldn't determine terminal size of "STDOUT_FILENO"!
2024/02/19 (16:08:24) | ERROR: Couldn't determine terminal size of "/dev/tty"!
2024/02/19 (16:08:26) | ERROR: Couldn't determine terminal size of "STDOUT_FILENO"!
2024/02/19 (16:08:26) | ERROR: Couldn't determine terminal size of "/dev/tty"!
2024/02/19 (16:08:28) | ERROR: Couldn't determine terminal size of "STDOUT_FILENO"!
2024/02/19 (16:08:28) | ERROR: Couldn't determine terminal size of "/dev/tty"!
2024/02/19 (16:08:30) | ERROR: Couldn't determine terminal size of "STDOUT_FILENO"!
2024/02/19 (16:08:30) | ERROR: Couldn't determine terminal size of "/dev/tty"!
2024/02/19 (16:08:32) | ERROR: Couldn't determine terminal size of "STDOUT_FILENO"!
2024/02/19 (16:08:32) | ERROR: Couldn't determine terminal size of "/dev/tty"!
2024/02/19 (16:08:34) | ERROR: Couldn't determine terminal size of "STDOUT_FILENO"!
2024/02/19 (16:08:34) | ERROR: Couldn't determine terminal size of "/dev/tty"!
2024/02/19 (16:08:36) | ERROR: Couldn't determine terminal size of "STDOUT_FILENO"!
2024/02/19 (16:08:36) | ERROR: Couldn't determine terminal size of "/dev/tty"!
2024/02/19 (16:08:38) | ERROR: Couldn't determine terminal size of "STDOUT_FILENO"!
2024/02/19 (16:08:38) | ERROR: Couldn't determine terminal size of "/dev/tty"!
2024/02/19 (16:08:40) | ERROR: Couldn't determine terminal size of "STDOUT_FILENO"!
2024/02/19 (16:08:40) | ERROR: Couldn't determine terminal size of "/dev/tty"!
2024/02/19 (16:08:42) | ERROR: Couldn't determine terminal size of "STDOUT_FILENO"!
2024/02/19 (16:08:42) | ERROR: Couldn't determine terminal size of "/dev/tty"!
2024/02/19 (16:08:44) | ERROR: Couldn't determine terminal size of "STDOUT_FILENO"!
2024/02/19 (16:08:44) | ERROR: Couldn't determine terminal size of "/dev/tty"!
2024/02/19 (16:08:46) | ERROR: Couldn't determine terminal size of "STDOUT_FILENO"!
2024/02/19 (16:08:46) | ERROR: Couldn't determine terminal size of "/dev/tty"!
2024/02/19 (16:08:48) | ERROR: Couldn't determine terminal size of "STDOUT_FILENO"!
2024/02/19 (16:08:48) | ERROR: Couldn't determine terminal size of "/dev/tty"!
2024/02/19 (16:08:50) | ERROR: Couldn't determine terminal size of "STDOUT_FILENO"!
2024/02/19 (16:08:50) | ERROR: Couldn't determine terminal size of "/dev/tty"!
2024/02/19 (16:08:52) | ERROR: Couldn't determine terminal size of "STDOUT_FILENO"!
2024/02/19 (16:08:52) | ERROR: Couldn't determine terminal size of "/dev/tty"!
2024/02/19 (16:08:54) | ERROR: Couldn't determine terminal size of "STDOUT_FILENO"!
2024/02/19 (16:08:54) | ERROR: Couldn't determine terminal size of "/dev/tty"!
2024/02/19 (16:08:56) | ERROR: Couldn't determine terminal size of "STDOUT_FILENO"!
2024/02/19 (16:08:56) | ERROR: Couldn't determine terminal size of "/dev/tty"!
2024/02/19 (16:08:58) | ERROR: Couldn't determine terminal size of "STDOUT_FILENO"!
2024/02/19 (16:08:58) | ERROR: Couldn't determine terminal size of "/dev/tty"!
2024/02/19 (16:09:00) | ERROR: Couldn't determine terminal size of "STDOUT_FILENO"!
2024/02/19 (16:09:00) | ERROR: Couldn't determine terminal size of "/dev/tty"!
2024/02/19 (16:09:02) | ERROR: Couldn't determine terminal size of "STDOUT_FILENO"!
2024/02/19 (16:09:02) | ERROR: Couldn't determine terminal size of "/dev/tty"!
2024/02/19 (16:09:04) | ERROR: Couldn't determine terminal size of "STDOUT_FILENO"!
2024/02/19 (16:09:04) | ERROR: Couldn't determine terminal size of "/dev/tty"!
2024/02/19 (16:09:06) | ERROR: Couldn't determine terminal size of "STDOUT_FILENO"!
2024/02/19 (16:09:06) | ERROR: Couldn't determine terminal size of "/dev/tty"!
2024/02/19 (16:09:08) | ERROR: Couldn't determine terminal size of "STDOUT_FILENO"!
2024/02/19 (16:09:08) | ERROR: Couldn't determine terminal size of "/dev/tty"!
2024/02/19 (16:09:10) | ERROR: Couldn't determine terminal size of "STDOUT_FILENO"!
2024/02/19 (16:09:10) | ERROR: Couldn't determine terminal size of "/dev/tty"!
2024/02/19 (16:09:12) | ERROR: Couldn't determine terminal size of "STDOUT_FILENO"!
2024/02/19 (16:09:12) | ERROR: Couldn't determine terminal size of "/dev/tty"!
2024/02/19 (16:09:14) | ERROR: Couldn't determine terminal size of "STDOUT_FILENO"!
2024/02/19 (16:09:14) | ERROR: Couldn't determine terminal size of "/dev/tty"!
2024/02/19 (16:09:16) | ERROR: Couldn't determine terminal size of "STDOUT_FILENO"!
2024/02/19 (16:09:16) | ERROR: Couldn't determine terminal size of "/dev/tty"!
2024/02/19 (16:09:18) | ERROR: Couldn't determine terminal size of "STDOUT_FILENO"!
2024/02/19 (16:09:18) | ERROR: Couldn't determine terminal size of "/dev/tty"!
2024/02/19 (16:09:20) | ERROR: Couldn't determine terminal size of "STDOUT_FILENO"!
2024/02/19 (16:09:20) | ERROR: Couldn't determine terminal size of "/dev/tty"!
2024/02/19 (16:09:22) | ERROR: Couldn't determine terminal size of "STDOUT_FILENO"!
2024/02/19 (16:09:22) | ERROR: Couldn't determine terminal size of "/dev/tty"!
2024/02/19 (16:09:24) | ERROR: Couldn't determine terminal size of "STDOUT_FILENO"!
2024/02/19 (16:09:24) | ERROR: Couldn't determine terminal size of "/dev/tty"!
2024/02/19 (16:09:26) | ERROR: Couldn't determine terminal size of "STDOUT_FILENO"!
2024/02/19 (16:09:26) | ERROR: Couldn't determine terminal size of "/dev/tty"!
2024/02/19 (16:09:28) | ERROR: Couldn't determine terminal size of "STDOUT_FILENO"!
2024/02/19 (16:09:28) | ERROR: Couldn't determine terminal size of "/dev/tty"!
2024/02/19 (16:09:30) | ERROR: Couldn't determine terminal size of "STDOUT_FILENO"!
2024/02/19 (16:09:30) | ERROR: Couldn't determine terminal size of "/dev/tty"!
2024/02/19 (16:09:32) | ERROR: Couldn't determine terminal size of "STDOUT_FILENO"!
2024/02/19 (16:09:32) | ERROR: Couldn't determine terminal size of "/dev/tty"!
2024/02/19 (16:09:34) | ERROR: Couldn't determine terminal size of "STDOUT_FILENO"!
2024/02/19 (16:09:34) | ERROR: Couldn't determine terminal size of "/dev/tty"!
2024/02/19 (16:09:36) | ERROR: Couldn't determine terminal size of "STDOUT_FILENO"!
2024/02/19 (16:09:36) | ERROR: Couldn't determine terminal size of "/dev/tty"!
2024/02/19 (16:09:38) | ERROR: Couldn't determine terminal size of "STDOUT_FILENO"!
2024/02/19 (16:09:38) | ERROR: Couldn't determine terminal size of "/dev/tty"!
2024/02/19 (16:09:40) | ERROR: Couldn't determine terminal size of "STDOUT_FILENO"!
2024/02/19 (16:09:40) | ERROR: Couldn't determine terminal size of "/dev/tty"!
2024/02/19 (16:09:42) | ERROR: Couldn't determine terminal size of "STDOUT_FILENO"!
2024/02/19 (16:09:42) | ERROR: Couldn't determine terminal size of "/dev/tty"!
2024/02/19 (16:09:44) | ERROR: Couldn't determine terminal size of "STDOUT_FILENO"!
2024/02/19 (16:09:44) | ERROR: Couldn't determine terminal size of "/dev/tty"!
2024/02/19 (16:09:46) | ERROR: Couldn't determine terminal size of "STDOUT_FILENO"!
2024/02/19 (16:09:46) | ERROR: Couldn't determine terminal size of "/dev/tty"!
2024/02/19 (16:09:48) | ERROR: Couldn't determine terminal size of "STDOUT_FILENO"!
2024/02/19 (16:09:48) | ERROR: Couldn't determine terminal size of "/dev/tty"!
2024/02/19 (16:09:50) | ERROR: Couldn't determine terminal size of "STDOUT_FILENO"!
2024/02/19 (16:09:50) | ERROR: Couldn't determine terminal size of "/dev/tty"!
2024/02/19 (16:09:52) | ERROR: Couldn't determine terminal size of "STDOUT_FILENO"!
2024/02/19 (16:09:52) | ERROR: Couldn't determine terminal size of "/dev/tty"!
2024/02/19 (16:09:54) | ERROR: Couldn't determine terminal size of "STDOUT_FILENO"!
2024/02/19 (16:09:54) | ERROR: Couldn't determine terminal size of "/dev/tty"!
2024/02/19 (16:09:56) | ERROR: Couldn't determine terminal size of "STDOUT_FILENO"!
2024/02/19 (16:09:56) | ERROR: Couldn't determine terminal size of "/dev/tty"!
2024/02/19 (16:09:58) | ERROR: Couldn't determine terminal size of "STDOUT_FILENO"!
2024/02/19 (16:09:58) | ERROR: Couldn't determine terminal size of "/dev/tty"!
2024/02/19 (16:10:00) | ERROR: Couldn't determine terminal size of "STDOUT_FILENO"!
2024/02/19 (16:10:00) | ERROR: Couldn't determine terminal size of "/dev/tty"!
2024/02/19 (16:10:02) | ERROR: Couldn't determine terminal size of "STDOUT_FILENO"!
2024/02/19 (16:10:02) | ERROR: Couldn't determine terminal size of "/dev/tty"!
2024/02/19 (16:10:04) | ERROR: Couldn't determine terminal size of "STDOUT_FILENO"!
2024/02/19 (16:10:04) | ERROR: Couldn't determine terminal size of "/dev/tty"!
2024/02/19 (16:10:06) | ERROR: Couldn't determine terminal size of "STDOUT_FILENO"!
2024/02/19 (16:10:06) | ERROR: Couldn't determine terminal size of "/dev/tty"!
2024/02/19 (16:10:08) | ERROR: Couldn't determine terminal size of "STDOUT_FILENO"!
2024/02/19 (16:10:08) | ERROR: Couldn't determine terminal size of "/dev/tty"!
2024/02/19 (16:10:10) | ERROR: Couldn't determine terminal size of "STDOUT_FILENO"!
2024/02/19 (16:10:10) | ERROR: Couldn't determine terminal size of "/dev/tty"!
2024/02/19 (16:10:12) | ERROR: Couldn't determine terminal size of "STDOUT_FILENO"!
2024/02/19 (16:10:12) | ERROR: Couldn't determine terminal size of "/dev/tty"!
2024/02/19 (16:10:14) | ERROR: Couldn't determine terminal size of "STDOUT_FILENO"!
2024/02/19 (16:10:14) | ERROR: Couldn't determine terminal size of "/dev/tty"!
2024/02/19 (16:10:16) | ERROR: Couldn't determine terminal size of "STDOUT_FILENO"!
2024/02/19 (16:10:16) | ERROR: Couldn't determine terminal size of "/dev/tty"!
2024/02/19 (16:10:18) | ERROR: Couldn't determine terminal size of "STDOUT_FILENO"!
2024/02/19 (16:10:18) | ERROR: Couldn't determine terminal size of "/dev/tty"!
2024/02/19 (16:10:20) | ERROR: Couldn't determine terminal size of "STDOUT_FILENO"!
2024/02/19 (16:10:20) | ERROR: Couldn't determine terminal size of "/dev/tty"!
2024/02/19 (16:10:22) | ERROR: Couldn't determine terminal size of "STDOUT_FILENO"!
2024/02/19 (16:10:22) | ERROR: Couldn't determine terminal size of "/dev/tty"!
2024/02/19 (16:10:24) | ERROR: Couldn't determine terminal size of "STDOUT_FILENO"!
2024/02/19 (16:10:24) | ERROR: Couldn't determine terminal size of "/dev/tty"!
2024/02/19 (16:10:26) | ERROR: Couldn't determine terminal size of "STDOUT_FILENO"!
2024/02/19 (16:10:26) | ERROR: Couldn't determine terminal size of "/dev/tty"!
2024/02/19 (16:10:28) | ERROR: Couldn't determine terminal size of "STDOUT_FILENO"!
2024/02/19 (16:10:28) | ERROR: Couldn't determine terminal size of "/dev/tty"!
2024/02/19 (16:10:30) | ERROR: Couldn't determine terminal size of "STDOUT_FILENO"!
2024/02/19 (16:10:30) | ERROR: Couldn't determine terminal size of "/dev/tty"!
2024/02/19 (16:10:32) | ERROR: Couldn't determine terminal size of "STDOUT_FILENO"!
2024/02/19 (16:10:32) | ERROR: Couldn't determine terminal size of "/dev/tty"!
2024/02/19 (16:10:34) | ERROR: Couldn't determine terminal size of "STDOUT_FILENO"!
2024/02/19 (16:10:34) | ERROR: Couldn't determine terminal size of "/dev/tty"!
2024/02/19 (16:10:36) | ERROR: Couldn't determine terminal size of "STDOUT_FILENO"!
2024/02/19 (16:10:36) | ERROR: Couldn't determine terminal size of "/dev/tty"!
2024/02/19 (16:10:38) | ERROR: Couldn't determine terminal size of "STDOUT_FILENO"!
2024/02/19 (16:10:38) | ERROR: Couldn't determine terminal size of "/dev/tty"!
2024/02/19 (16:10:40) | ERROR: Couldn't determine terminal size of "STDOUT_FILENO"!
2024/02/19 (16:10:40) | ERROR: Couldn't determine terminal size of "/dev/tty"!
2024/02/19 (16:10:42) | ERROR: Couldn't determine terminal size of "STDOUT_FILENO"!
2024/02/19 (16:10:42) | ERROR: Couldn't determine terminal size of "/dev/tty"!
2024/02/19 (16:10:44) | ERROR: Couldn't determine terminal size of "STDOUT_FILENO"!
2024/02/19 (16:10:44) | ERROR: Couldn't determine terminal size of "/dev/tty"!
2024/02/19 (16:10:46) | ERROR: Couldn't determine terminal size of "STDOUT_FILENO"!
2024/02/19 (16:10:46) | ERROR: Couldn't determine terminal size of "/dev/tty"!
2024/02/19 (16:10:48) | ERROR: Couldn't determine terminal size of "STDOUT_FILENO"!
2024/02/19 (16:10:48) | ERROR: Couldn't determine terminal size of "/dev/tty"!
2024/02/19 (16:10:50) | ERROR: Couldn't determine terminal size of "STDOUT_FILENO"!
2024/02/19 (16:10:50) | ERROR: Couldn't determine terminal size of "/dev/tty"!
2024/02/19 (16:10:52) | ERROR: Couldn't determine terminal size of "STDOUT_FILENO"!
2024/02/19 (16:10:52) | ERROR: Couldn't determine terminal size of "/dev/tty"!
2024/02/19 (16:10:54) | ERROR: Couldn't determine terminal size of "STDOUT_FILENO"!
2024/02/19 (16:10:54) | ERROR: Couldn't determine terminal size of "/dev/tty"!
2024/02/19 (16:10:56) | ERROR: Couldn't determine terminal size of "STDOUT_FILENO"!
2024/02/19 (16:10:56) | ERROR: Couldn't determine terminal size of "/dev/tty"!
2024/02/19 (16:10:58) | ERROR: Couldn't determine terminal size of "STDOUT_FILENO"!
2024/02/19 (16:10:58) | ERROR: Couldn't determine terminal size of "/dev/tty"!
2024/02/19 (16:11:00) | ERROR: Couldn't determine terminal size of "STDOUT_FILENO"!
2024/02/19 (16:11:00) | ERROR: Couldn't determine terminal size of "/dev/tty"!
2024/02/19 (16:11:02) | ERROR: Couldn't determine terminal size of "STDOUT_FILENO"!
2024/02/19 (16:11:02) | ERROR: Couldn't determine terminal size of "/dev/tty"!
2024/02/19 (16:11:04) | ERROR: Couldn't determine terminal size of "STDOUT_FILENO"!
2024/02/19 (16:11:04) | ERROR: Couldn't determine terminal size of "/dev/tty"!
2024/02/19 (16:11:06) | ERROR: Couldn't determine terminal size of "STDOUT_FILENO"!
2024/02/19 (16:11:06) | ERROR: Couldn't determine terminal size of "/dev/tty"!
2024/02/19 (16:11:08) | ERROR: Couldn't determine terminal size of "STDOUT_FILENO"!
2024/02/19 (16:11:08) | ERROR: Couldn't determine terminal size of "/dev/tty"!
2024/02/19 (16:11:10) | ERROR: Couldn't determine terminal size of "STDOUT_FILENO"!
2024/02/19 (16:11:10) | ERROR: Couldn't determine terminal size of "/dev/tty"!
2024/02/19 (16:11:12) | ERROR: Couldn't determine terminal size of "STDOUT_FILENO"!
2024/02/19 (16:11:12) | ERROR: Couldn't determine terminal size of "/dev/tty"!
2024/02/19 (16:11:14) | ERROR: Couldn't determine terminal size of "STDOUT_FILENO"!
2024/02/19 (16:11:14) | ERROR: Couldn't determine terminal size of "/dev/tty"!
2024/02/19 (16:11:16) | ERROR: Couldn't determine terminal size of "STDOUT_FILENO"!
2024/02/19 (16:11:16) | ERROR: Couldn't determine terminal size of "/dev/tty"!
2024/02/19 (16:11:18) | ERROR: Couldn't determine terminal size of "STDOUT_FILENO"!
2024/02/19 (16:11:18) | ERROR: Couldn't determine terminal size of "/dev/tty"!
2024/02/19 (16:11:20) | ERROR: Couldn't determine terminal size of "STDOUT_FILENO"!
2024/02/19 (16:11:20) | ERROR: Couldn't determine terminal size of "/dev/tty"!
2024/02/19 (16:11:22) | ERROR: Couldn't determine terminal size of "STDOUT_FILENO"!
2024/02/19 (16:11:22) | ERROR: Couldn't determine terminal size of "/dev/tty"!
2024/02/19 (16:11:24) | ERROR: Couldn't determine terminal size of "STDOUT_FILENO"!
2024/02/19 (16:11:24) | ERROR: Couldn't determine terminal size of "/dev/tty"!
2024/02/19 (16:11:26) | ERROR: Couldn't determine terminal size of "STDOUT_FILENO"!
2024/02/19 (16:11:26) | ERROR: Couldn't determine terminal size of "/dev/tty"!
2024/02/19 (16:11:28) | ERROR: Couldn't determine terminal size of "STDOUT_FILENO"!
2024/02/19 (16:11:28) | ERROR: Couldn't determine terminal size of "/dev/tty"!
2024/02/19 (16:11:30) | ERROR: Couldn't determine terminal size of "STDOUT_FILENO"!
2024/02/19 (16:11:30) | ERROR: Couldn't determine terminal size of "/dev/tty"!
2024/02/19 (16:11:32) | ERROR: Couldn't determine terminal size of "STDOUT_FILENO"!
2024/02/19 (16:11:32) | ERROR: Couldn't determine terminal size of "/dev/tty"!
2024/02/19 (16:11:34) | ERROR: Couldn't determine terminal size of "STDOUT_FILENO"!
2024/02/19 (16:11:34) | ERROR: Couldn't determine terminal size of "/dev/tty"!
2024/02/19 (16:11:36) | ERROR: Couldn't determine terminal size of "STDOUT_FILENO"!
2024/02/19 (16:11:36) | ERROR: Couldn't determine terminal size of "/dev/tty"!
2024/02/19 (16:11:38) | ERROR: Couldn't determine terminal size of "STDOUT_FILENO"!
2024/02/19 (16:11:38) | ERROR: Couldn't determine terminal size of "/dev/tty"!
2024/02/19 (16:11:40) | ERROR: Couldn't determine terminal size of "STDOUT_FILENO"!
2024/02/19 (16:11:40) | ERROR: Couldn't determine terminal size of "/dev/tty"!
2024/02/19 (16:11:42) | ERROR: Couldn't determine terminal size of "STDOUT_FILENO"!
2024/02/19 (16:11:42) | ERROR: Couldn't determine terminal size of "/dev/tty"!
2024/02/19 (16:11:44) | ERROR: Couldn't determine terminal size of "STDOUT_FILENO"!
2024/02/19 (16:11:44) | ERROR: Couldn't determine terminal size of "/dev/tty"!
2024/02/19 (16:11:46) | ERROR: Couldn't determine terminal size of "STDOUT_FILENO"!
2024/02/19 (16:11:46) | ERROR: Couldn't determine terminal size of "/dev/tty"!
2024/02/19 (16:11:48) | ERROR: Couldn't determine terminal size of "STDOUT_FILENO"!
2024/02/19 (16:11:48) | ERROR: Couldn't determine terminal size of "/dev/tty"!
2024/02/19 (16:11:50) | ERROR: Couldn't determine terminal size of "STDOUT_FILENO"!
2024/02/19 (16:11:50) | ERROR: Couldn't determine terminal size of "/dev/tty"!
2024/02/19 (16:11:52) | ERROR: Couldn't determine terminal size of "STDOUT_FILENO"!
2024/02/19 (16:11:52) | ERROR: Couldn't determine terminal size of "/dev/tty"!
2024/02/19 (16:11:54) | ERROR: Couldn't determine terminal size of "STDOUT_FILENO"!
2024/02/19 (16:11:54) | ERROR: Couldn't determine terminal size of "/dev/tty"!
2024/02/19 (16:11:56) | ERROR: Couldn't determine terminal size of "STDOUT_FILENO"!
2024/02/19 (16:11:56) | ERROR: Couldn't determine terminal size of "/dev/tty"!
2024/02/19 (16:11:58) | ERROR: Couldn't determine terminal size of "STDOUT_FILENO"!
2024/02/19 (16:11:58) | ERROR: Couldn't determine terminal size of "/dev/tty"!
2024/02/19 (16:12:00) | ERROR: Couldn't determine terminal size of "STDOUT_FILENO"!
2024/02/19 (16:12:00) | ERROR: Couldn't determine terminal size of "/dev/tty"!
2024/02/19 (16:12:02) | ERROR: Couldn't determine terminal size of "STDOUT_FILENO"!
2024/02/19 (16:12:02) | ERROR: Couldn't determine terminal size of "/dev/tty"!
2024/02/19 (16:12:04) | ERROR: Couldn't determine terminal size of "STDOUT_FILENO"!
2024/02/19 (16:12:04) | ERROR: Couldn't determine terminal size of "/dev/tty"!
2024/02/19 (16:12:06) | ERROR: Couldn't determine terminal size of "STDOUT_FILENO"!
2024/02/19 (16:12:06) | ERROR: Couldn't determine terminal size of "/dev/tty"!
2024/02/19 (16:12:08) | ERROR: Couldn't determine terminal size of "STDOUT_FILENO"!
2024/02/19 (16:12:08) | ERROR: Couldn't determine terminal size of "/dev/tty"!
2024/02/19 (16:12:10) | ERROR: Couldn't determine terminal size of "STDOUT_FILENO"!
2024/02/19 (16:12:10) | ERROR: Couldn't determine terminal size of "/dev/tty"!
2024/02/19 (16:12:12) | ERROR: Couldn't determine terminal size of "STDOUT_FILENO"!
2024/02/19 (16:12:12) | ERROR: Couldn't determine terminal size of "/dev/tty"!
2024/02/19 (16:12:14) | ERROR: Couldn't determine terminal size of "STDOUT_FILENO"!
2024/02/19 (16:12:14) | ERROR: Couldn't determine terminal size of "/dev/tty"!
2024/02/19 (16:12:16) | ERROR: Couldn't determine terminal size of "STDOUT_FILENO"!
2024/02/19 (16:12:16) | ERROR: Couldn't determine terminal size of "/dev/tty"!
2024/02/19 (16:12:18) | ERROR: Couldn't determine terminal size of "STDOUT_FILENO"!
2024/02/19 (16:12:18) | ERROR: Couldn't determine terminal size of "/dev/tty"!
2024/02/19 (16:12:20) | ERROR: Couldn't determine terminal size of "STDOUT_FILENO"!
2024/02/19 (16:12:20) | ERROR: Couldn't determine terminal size of "/dev/tty"!
2024/02/19 (16:12:22) | ERROR: Couldn't determine terminal size of "STDOUT_FILENO"!
2024/02/19 (16:12:22) | ERROR: Couldn't determine terminal size of "/dev/tty"!
2024/02/19 (16:12:24) | ERROR: Couldn't determine terminal size of "STDOUT_FILENO"!
2024/02/19 (16:12:24) | ERROR: Couldn't determine terminal size of "/dev/tty"!
2024/02/19 (16:12:26) | ERROR: Couldn't determine terminal size of "STDOUT_FILENO"!
2024/02/19 (16:12:26) | ERROR: Couldn't determine terminal size of "/dev/tty"!
2024/02/19 (16:12:28) | ERROR: Couldn't determine terminal size of "STDOUT_FILENO"!
2024/02/19 (16:12:28) | ERROR: Couldn't determine terminal size of "/dev/tty"!
2024/02/19 (16:12:30) | ERROR: Couldn't determine terminal size of "STDOUT_FILENO"!
2024/02/19 (16:12:30) | ERROR: Couldn't determine terminal size of "/dev/tty"!
2024/02/19 (16:12:32) | ERROR: Couldn't determine terminal size of "STDOUT_FILENO"!
2024/02/19 (16:12:32) | ERROR: Couldn't determine terminal size of "/dev/tty"!
2024/02/19 (16:12:34) | ERROR: Couldn't determine terminal size of "STDOUT_FILENO"!
2024/02/19 (16:12:34) | ERROR: Couldn't determine terminal size of "/dev/tty"!
2024/02/19 (16:12:36) | ERROR: Couldn't determine terminal size of "STDOUT_FILENO"!
2024/02/19 (16:12:36) | ERROR: Couldn't determine terminal size of "/dev/tty"!
2024/02/19 (16:12:38) | ERROR: Couldn't determine terminal size of "STDOUT_FILENO"!
2024/02/19 (16:12:38) | ERROR: Couldn't determine terminal size of "/dev/tty"!
2024/02/19 (16:12:40) | ERROR: Couldn't determine terminal size of "STDOUT_FILENO"!
2024/02/19 (16:12:40) | ERROR: Couldn't determine terminal size of "/dev/tty"!
2024/02/19 (16:12:42) | ERROR: Couldn't determine terminal size of "STDOUT_FILENO"!
2024/02/19 (16:12:42) | ERROR: Couldn't determine terminal size of "/dev/tty"!
2024/02/19 (16:12:44) | ERROR: Couldn't determine terminal size of "STDOUT_FILENO"!
2024/02/19 (16:12:44) | ERROR: Couldn't determine terminal size of "/dev/tty"!
2024/02/19 (16:12:46) | ERROR: Couldn't determine terminal size of "STDOUT_FILENO"!
2024/02/19 (16:12:46) | ERROR: Couldn't determine terminal size of "/dev/tty"!
2024/02/19 (16:12:48) | ERROR: Couldn't determine terminal size of "STDOUT_FILENO"!
2024/02/19 (16:12:48) | ERROR: Couldn't determine terminal size of "/dev/tty"!
2024/02/19 (16:12:50) | ERROR: Couldn't determine terminal size of "STDOUT_FILENO"!
2024/02/19 (16:12:50) | ERROR: Couldn't determine terminal size of "/dev/tty"!
2024/02/19 (16:12:52) | ERROR: Couldn't determine terminal size of "STDOUT_FILENO"!
2024/02/19 (16:12:52) | ERROR: Couldn't determine terminal size of "/dev/tty"!
2024/02/19 (16:12:54) | ERROR: Couldn't determine terminal size of "STDOUT_FILENO"!
2024/02/19 (16:12:54) | ERROR: Couldn't determine terminal size of "/dev/tty"!
2024/02/19 (16:12:56) | ERROR: Couldn't determine terminal size of "STDOUT_FILENO"!
2024/02/19 (16:12:56) | ERROR: Couldn't determine terminal size of "/dev/tty"!
2024/02/19 (16:12:58) | ERROR: Couldn't determine terminal size of "STDOUT_FILENO"!
2024/02/19 (16:12:58) | ERROR: Couldn't determine terminal size of "/dev/tty"!
2024/02/19 (16:13:00) | ERROR: Couldn't determine terminal size of "STDOUT_FILENO"!
2024/02/19 (16:13:00) | ERROR: Couldn't determine terminal size of "/dev/tty"!
2024/02/19 (16:13:02) | ERROR: Couldn't determine terminal size of "STDOUT_FILENO"!
2024/02/19 (16:13:02) | ERROR: Couldn't determine terminal size of "/dev/tty"!
2024/02/19 (16:13:04) | ERROR: Couldn't determine terminal size of "STDOUT_FILENO"!
2024/02/19 (16:13:04) | ERROR: Couldn't determine terminal size of "/dev/tty"!
2024/02/19 (16:13:06) | ERROR: Couldn't determine terminal size of "STDOUT_FILENO"!
2024/02/19 (16:13:06) | ERROR: Couldn't determine terminal size of "/dev/tty"!
2024/02/19 (16:13:08) | ERROR: Couldn't determine terminal size of "STDOUT_FILENO"!
2024/02/19 (16:13:08) | ERROR: Couldn't determine terminal size of "/dev/tty"!
2024/02/19 (16:13:10) | ERROR: Couldn't determine terminal size of "STDOUT_FILENO"!
2024/02/19 (16:13:10) | ERROR: Couldn't determine terminal size of "/dev/tty"!
2024/02/19 (16:13:12) | ERROR: Couldn't determine terminal size of "STDOUT_FILENO"!
2024/02/19 (16:13:12) | ERROR: Couldn't determine terminal size of "/dev/tty"!
2024/02/19 (16:13:14) | ERROR: Couldn't determine terminal size of "STDOUT_FILENO"!
2024/02/19 (16:13:14) | ERROR: Couldn't determine terminal size of "/dev/tty"!
2024/02/19 (16:13:16) | ERROR: Couldn't determine terminal size of "STDOUT_FILENO"!
2024/02/19 (16:13:16) | ERROR: Couldn't determine terminal size of "/dev/tty"!
2024/02/19 (16:13:18) | ERROR: Couldn't determine terminal size of "STDOUT_FILENO"!
2024/02/19 (16:13:18) | ERROR: Couldn't determine terminal size of "/dev/tty"!
2024/02/19 (16:13:20) | ERROR: Couldn't determine terminal size of "STDOUT_FILENO"!
2024/02/19 (16:13:20) | ERROR: Couldn't determine terminal size of "/dev/tty"!
2024/02/19 (16:13:22) | ERROR: Couldn't determine terminal size of "STDOUT_FILENO"!
2024/02/19 (16:13:22) | ERROR: Couldn't determine terminal size of "/dev/tty"!
2024/02/19 (16:13:24) | ERROR: Couldn't determine terminal size of "STDOUT_FILENO"!
2024/02/19 (16:13:24) | ERROR: Couldn't determine terminal size of "/dev/tty"!
2024/02/19 (16:13:26) | ERROR: Couldn't determine terminal size of "STDOUT_FILENO"!
2024/02/19 (16:13:26) | ERROR: Couldn't determine terminal size of "/dev/tty"!
2024/02/19 (16:13:28) | ERROR: Couldn't determine terminal size of "STDOUT_FILENO"!
2024/02/19 (16:13:28) | ERROR: Couldn't determine terminal size of "/dev/tty"!
2024/02/19 (16:13:30) | ERROR: Couldn't determine terminal size of "STDOUT_FILENO"!
2024/02/19 (16:13:30) | ERROR: Couldn't determine terminal size of "/dev/tty"!
2024/02/19 (16:13:32) | ERROR: Couldn't determine terminal size of "STDOUT_FILENO"!
2024/02/19 (16:13:32) | ERROR: Couldn't determine terminal size of "/dev/tty"!
2024/02/19 (16:13:34) | ERROR: Couldn't determine terminal size of "STDOUT_FILENO"!
2024/02/19 (16:13:34) | ERROR: Couldn't determine terminal size of "/dev/tty"!
2024/02/19 (16:13:36) | ERROR: Couldn't determine terminal size of "STDOUT_FILENO"!
2024/02/19 (16:13:36) | ERROR: Couldn't determine terminal size of "/dev/tty"!
2024/02/19 (16:13:38) | ERROR: Couldn't determine terminal size of "STDOUT_FILENO"!
2024/02/19 (16:13:38) | ERROR: Couldn't determine terminal size of "/dev/tty"!
2024/02/19 (16:13:40) | ERROR: Couldn't determine terminal size of "STDOUT_FILENO"!
2024/02/19 (16:13:40) | ERROR: Couldn't determine terminal size of "/dev/tty"!
2024/02/19 (16:13:42) | ERROR: Couldn't determine terminal size of "STDOUT_FILENO"!
2024/02/19 (16:13:42) | ERROR: Couldn't determine terminal size of "/dev/tty"!
2024/02/19 (16:13:44) | ERROR: Couldn't determine terminal size of "STDOUT_FILENO"!
2024/02/19 (16:13:44) | ERROR: Couldn't determine terminal size of "/dev/tty"!
2024/02/19 (16:13:46) | ERROR: Couldn't determine terminal size of "STDOUT_FILENO"!
2024/02/19 (16:13:46) | ERROR: Couldn't determine terminal size of "/dev/tty"!
2024/02/19 (16:13:48) | ERROR: Couldn't determine terminal size of "STDOUT_FILENO"!
2024/02/19 (16:13:48) | ERROR: Couldn't determine terminal size of "/dev/tty"!
2024/02/19 (16:13:50) | ERROR: Couldn't determine terminal size of "STDOUT_FILENO"!
2024/02/19 (16:13:50) | ERROR: Couldn't determine terminal size of "/dev/tty"!
2024/02/19 (16:13:52) | ERROR: Couldn't determine terminal size of "STDOUT_FILENO"!
2024/02/19 (16:13:52) | ERROR: Couldn't determine terminal size of "/dev/tty"!
2024/02/19 (16:13:54) | ERROR: Couldn't determine terminal size of "STDOUT_FILENO"!
2024/02/19 (16:13:54) | ERROR: Couldn't determine terminal size of "/dev/tty"!
2024/02/19 (16:13:56) | ERROR: Couldn't determine terminal size of "STDOUT_FILENO"!
2024/02/19 (16:13:56) | ERROR: Couldn't determine terminal size of "/dev/tty"!
2024/02/19 (16:13:58) | ERROR: Couldn't determine terminal size of "STDOUT_FILENO"!
2024/02/19 (16:13:58) | ERROR: Couldn't determine terminal size of "/dev/tty"!
2024/02/19 (16:14:00) | ERROR: Couldn't determine terminal size of "STDOUT_FILENO"!
2024/02/19 (16:14:00) | ERROR: Couldn't determine terminal size of "/dev/tty"!
2024/02/19 (16:14:02) | ERROR: Couldn't determine terminal size of "STDOUT_FILENO"!
2024/02/19 (16:14:02) | ERROR: Couldn't determine terminal size of "/dev/tty"!
2024/02/19 (16:14:04) | ERROR: Couldn't determine terminal size of "STDOUT_FILENO"!
2024/02/19 (16:14:04) | ERROR: Couldn't determine terminal size of "/dev/tty"!
2024/02/19 (16:14:06) | ERROR: Couldn't determine terminal size of "STDOUT_FILENO"!
2024/02/19 (16:14:06) | ERROR: Couldn't determine terminal size of "/dev/tty"!
2024/02/19 (16:14:08) | ERROR: Couldn't determine terminal size of "STDOUT_FILENO"!
2024/02/19 (16:14:08) | ERROR: Couldn't determine terminal size of "/dev/tty"!
2024/02/19 (16:14:10) | ERROR: Couldn't determine terminal size of "STDOUT_FILENO"!
2024/02/19 (16:14:10) | ERROR: Couldn't determine terminal size of "/dev/tty"!
2024/02/19 (16:14:12) | ERROR: Couldn't determine terminal size of "STDOUT_FILENO"!
2024/02/19 (16:14:12) | ERROR: Couldn't determine terminal size of "/dev/tty"!
2024/02/19 (16:14:14) | ERROR: Couldn't determine terminal size of "STDOUT_FILENO"!
2024/02/19 (16:14:14) | ERROR: Couldn't determine terminal size of "/dev/tty"!
2024/02/19 (16:14:16) | ERROR: Couldn't determine terminal size of "STDOUT_FILENO"!
2024/02/19 (16:14:16) | ERROR: Couldn't determine terminal size of "/dev/tty"!
2024/02/19 (16:14:18) | ERROR: Couldn't determine terminal size of "STDOUT_FILENO"!
2024/02/19 (16:14:18) | ERROR: Couldn't determine terminal size of "/dev/tty"!
2024/02/19 (16:14:20) | ERROR: Couldn't determine terminal size of "STDOUT_FILENO"!
2024/02/19 (16:14:20) | ERROR: Couldn't determine terminal size of "/dev/tty"!
2024/02/19 (16:14:22) | ERROR: Couldn't determine terminal size of "STDOUT_FILENO"!
2024/02/19 (16:14:22) | ERROR: Couldn't determine terminal size of "/dev/tty"!
2024/02/19 (16:14:24) | ERROR: Couldn't determine terminal size of "STDOUT_FILENO"!
2024/02/19 (16:14:24) | ERROR: Couldn't determine terminal size of "/dev/tty"!
2024/02/19 (16:14:26) | ERROR: Couldn't determine terminal size of "STDOUT_FILENO"!
2024/02/19 (16:14:26) | ERROR: Couldn't determine terminal size of "/dev/tty"!
2024/02/19 (16:14:28) | ERROR: Couldn't determine terminal size of "STDOUT_FILENO"!
2024/02/19 (16:14:28) | ERROR: Couldn't determine terminal size of "/dev/tty"!
2024/02/19 (16:14:30) | ERROR: Couldn't determine terminal size of "STDOUT_FILENO"!
2024/02/19 (16:14:30) | ERROR: Couldn't determine terminal size of "/dev/tty"!
2024/02/19 (16:14:32) | ERROR: Couldn't determine terminal size of "STDOUT_FILENO"!
2024/02/19 (16:14:32) | ERROR: Couldn't determine terminal size of "/dev/tty"!
2024/02/19 (16:14:34) | ERROR: Couldn't determine terminal size of "STDOUT_FILENO"!
2024/02/19 (16:14:34) | ERROR: Couldn't determine terminal size of "/dev/tty"!
2024/02/19 (16:14:36) | ERROR: Couldn't determine terminal size of "STDOUT_FILENO"!
2024/02/19 (16:14:36) | ERROR: Couldn't determine terminal size of "/dev/tty"!
2024/02/19 (16:14:38) | ERROR: Couldn't determine terminal size of "STDOUT_FILENO"!
2024/02/19 (16:14:38) | ERROR: Couldn't determine terminal size of "/dev/tty"!
2024/02/19 (16:14:40) | ERROR: Couldn't determine terminal size of "STDOUT_FILENO"!
2024/02/19 (16:14:40) | ERROR: Couldn't determine terminal size of "/dev/tty"!
2024/02/19 (16:14:42) | ERROR: Couldn't determine terminal size of "STDOUT_FILENO"!
2024/02/19 (16:14:42) | ERROR: Couldn't determine terminal size of "/dev/tty"!
2024/02/19 (16:14:44) | ERROR: Couldn't determine terminal size of "STDOUT_FILENO"!
2024/02/19 (16:14:44) | ERROR: Couldn't determine terminal size of "/dev/tty"!
2024/02/19 (16:14:46) | ERROR: Couldn't determine terminal size of "STDOUT_FILENO"!
2024/02/19 (16:14:46) | ERROR: Couldn't determine terminal size of "/dev/tty"!
2024/02/19 (16:14:48) | ERROR: Couldn't determine terminal size of "STDOUT_FILENO"!
2024/02/19 (16:14:48) | ERROR: Couldn't determine terminal size of "/dev/tty"!
2024/02/19 (16:14:50) | ERROR: Couldn't determine terminal size of "STDOUT_FILENO"!
2024/02/19 (16:14:50) | ERROR: Couldn't determine terminal size of "/dev/tty"!
2024/02/19 (16:14:52) | ERROR: Couldn't determine terminal size of "STDOUT_FILENO"!
2024/02/19 (16:14:52) | ERROR: Couldn't determine terminal size of "/dev/tty"!
2024/02/19 (16:14:54) | ERROR: Couldn't determine terminal size of "STDOUT_FILENO"!
2024/02/19 (16:14:54) | ERROR: Couldn't determine terminal size of "/dev/tty"!
2024/02/19 (16:14:56) | ERROR: Couldn't determine terminal size of "STDOUT_FILENO"!
2024/02/19 (16:14:56) | ERROR: Couldn't determine terminal size of "/dev/tty"!
2024/02/19 (16:14:58) | ERROR: Couldn't determine terminal size of "STDOUT_FILENO"!
2024/02/19 (16:14:58) | ERROR: Couldn't determine terminal size of "/dev/tty"!
2024/02/19 (16:15:00) | ERROR: Couldn't determine terminal size of "STDOUT_FILENO"!
2024/02/19 (16:15:00) | ERROR: Couldn't determine terminal size of "/dev/tty"!
2024/02/19 (16:15:02) | ERROR: Couldn't determine terminal size of "STDOUT_FILENO"!
2024/02/19 (16:15:02) | ERROR: Couldn't determine terminal size of "/dev/tty"!
2024/02/19 (16:15:04) | ERROR: Couldn't determine terminal size of "STDOUT_FILENO"!
2024/02/19 (16:15:04) | ERROR: Couldn't determine terminal size of "/dev/tty"!
2024/02/19 (16:15:06) | ERROR: Couldn't determine terminal size of "STDOUT_FILENO"!
2024/02/19 (16:15:06) | ERROR: Couldn't determine terminal size of "/dev/tty"!
2024/02/19 (16:15:08) | ERROR: Couldn't determine terminal size of "STDOUT_FILENO"!
2024/02/19 (16:15:08) | ERROR: Couldn't determine terminal size of "/dev/tty"!
2024/02/19 (16:15:10) | ERROR: Couldn't determine terminal size of "STDOUT_FILENO"!
2024/02/19 (16:15:10) | ERROR: Couldn't determine terminal size of "/dev/tty"!
2024/02/19 (16:15:12) | ERROR: Couldn't determine terminal size of "STDOUT_FILENO"!
2024/02/19 (16:15:12) | ERROR: Couldn't determine terminal size of "/dev/tty"!
2024/02/19 (16:15:14) | ERROR: Couldn't determine terminal size of "STDOUT_FILENO"!
2024/02/19 (16:15:14) | ERROR: Couldn't determine terminal size of "/dev/tty"!
2024/02/19 (16:15:16) | ERROR: Couldn't determine terminal size of "STDOUT_FILENO"!
2024/02/19 (16:15:16) | ERROR: Couldn't determine terminal size of "/dev/tty"!
2024/02/19 (16:15:18) | ERROR: Couldn't determine terminal size of "STDOUT_FILENO"!
2024/02/19 (16:15:18) | ERROR: Couldn't determine terminal size of "/dev/tty"!
2024/02/19 (16:15:20) | ERROR: Couldn't determine terminal size of "STDOUT_FILENO"!
2024/02/19 (16:15:20) | ERROR: Couldn't determine terminal size of "/dev/tty"!
2024/02/19 (16:15:22) | ERROR: Couldn't determine terminal size of "STDOUT_FILENO"!
2024/02/19 (16:15:22) | ERROR: Couldn't determine terminal size of "/dev/tty"!
2024/02/19 (16:15:24) | ERROR: Couldn't determine terminal size of "STDOUT_FILENO"!
2024/02/19 (16:15:24) | ERROR: Couldn't determine terminal size of "/dev/tty"!
2024/02/19 (16:15:26) | ERROR: Couldn't determine terminal size of "STDOUT_FILENO"!
2024/02/19 (16:15:26) | ERROR: Couldn't determine terminal size of "/dev/tty"!
2024/02/19 (16:15:28) | ERROR: Couldn't determine terminal size of "STDOUT_FILENO"!
2024/02/19 (16:15:28) | ERROR: Couldn't determine terminal size of "/dev/tty"!
2024/02/19 (16:15:30) | ERROR: Couldn't determine terminal size of "STDOUT_FILENO"!
2024/02/19 (16:15:30) | ERROR: Couldn't determine terminal size of "/dev/tty"!
2024/02/19 (16:15:32) | ERROR: Couldn't determine terminal size of "STDOUT_FILENO"!
2024/02/19 (16:15:32) | ERROR: Couldn't determine terminal size of "/dev/tty"!
2024/02/19 (16:15:34) | ERROR: Couldn't determine terminal size of "STDOUT_FILENO"!
2024/02/19 (16:15:34) | ERROR: Couldn't determine terminal size of "/dev/tty"!
2024/02/19 (16:15:36) | ERROR: Couldn't determine terminal size of "STDOUT_FILENO"!
2024/02/19 (16:15:36) | ERROR: Couldn't determine terminal size of "/dev/tty"!
2024/02/19 (16:15:38) | ERROR: Couldn't determine terminal size of "STDOUT_FILENO"!
2024/02/19 (16:15:38) | ERROR: Couldn't determine terminal size of "/dev/tty"!
2024/02/19 (16:15:40) | ERROR: Couldn't determine terminal size of "STDOUT_FILENO"!
2024/02/19 (16:15:40) | ERROR: Couldn't determine terminal size of "/dev/tty"!
2024/02/19 (16:15:42) | ERROR: Couldn't determine terminal size of "STDOUT_FILENO"!
2024/02/19 (16:15:42) | ERROR: Couldn't determine terminal size of "/dev/tty"!
2024/02/19 (16:15:44) | ERROR: Couldn't determine terminal size of "STDOUT_FILENO"!
2024/02/19 (16:15:44) | ERROR: Couldn't determine terminal size of "/dev/tty"!
2024/02/19 (16:15:46) | ERROR: Couldn't determine terminal size of "STDOUT_FILENO"!
2024/02/19 (16:15:46) | ERROR: Couldn't determine terminal size of "/dev/tty"!
2024/02/19 (16:15:48) | ERROR: Couldn't determine terminal size of "STDOUT_FILENO"!
2024/02/19 (16:15:48) | ERROR: Couldn't determine terminal size of "/dev/tty"!
2024/02/19 (16:15:50) | ERROR: Couldn't determine terminal size of "STDOUT_FILENO"!
2024/02/19 (16:15:50) | ERROR: Couldn't determine terminal size of "/dev/tty"!
2024/02/19 (16:15:52) | ERROR: Couldn't determine terminal size of "STDOUT_FILENO"!
2024/02/19 (16:15:52) | ERROR: Couldn't determine terminal size of "/dev/tty"!
2024/02/19 (16:15:54) | ERROR: Couldn't determine terminal size of "STDOUT_FILENO"!
2024/02/19 (16:15:54) | ERROR: Couldn't determine terminal size of "/dev/tty"!
2024/02/19 (16:15:56) | ERROR: Couldn't determine terminal size of "STDOUT_FILENO"!
2024/02/19 (16:15:56) | ERROR: Couldn't determine terminal size of "/dev/tty"!
2024/02/19 (16:15:58) | ERROR: Couldn't determine terminal size of "STDOUT_FILENO"!
2024/02/19 (16:15:58) | ERROR: Couldn't determine terminal size of "/dev/tty"!
2024/02/19 (16:16:00) | ERROR: Couldn't determine terminal size of "STDOUT_FILENO"!
2024/02/19 (16:16:00) | ERROR: Couldn't determine terminal size of "/dev/tty"!
2024/02/19 (16:16:02) | ERROR: Couldn't determine terminal size of "STDOUT_FILENO"!
2024/02/19 (16:16:02) | ERROR: Couldn't determine terminal size of "/dev/tty"!
2024/02/19 (16:16:04) | ERROR: Couldn't determine terminal size of "STDOUT_FILENO"!
2024/02/19 (16:16:04) | ERROR: Couldn't determine terminal size of "/dev/tty"!
2024/02/19 (16:16:06) | ERROR: Couldn't determine terminal size of "STDOUT_FILENO"!
2024/02/19 (16:16:06) | ERROR: Couldn't determine terminal size of "/dev/tty"!
2024/02/19 (16:16:08) | ERROR: Couldn't determine terminal size of "STDOUT_FILENO"!
2024/02/19 (16:16:08) | ERROR: Couldn't determine terminal size of "/dev/tty"!
2024/02/19 (16:16:10) | ERROR: Couldn't determine terminal size of "STDOUT_FILENO"!
2024/02/19 (16:16:10) | ERROR: Couldn't determine terminal size of "/dev/tty"!
2024/02/19 (16:16:12) | ERROR: Couldn't determine terminal size of "STDOUT_FILENO"!
2024/02/19 (16:16:12) | ERROR: Couldn't determine terminal size of "/dev/tty"!
2024/02/19 (16:16:14) | ERROR: Couldn't determine terminal size of "STDOUT_FILENO"!
2024/02/19 (16:16:14) | ERROR: Couldn't determine terminal size of "/dev/tty"!
2024/02/19 (16:16:16) | ERROR: Couldn't determine terminal size of "STDOUT_FILENO"!
2024/02/19 (16:16:16) | ERROR: Couldn't determine terminal size of "/dev/tty"!
2024/02/19 (16:16:18) | ERROR: Couldn't determine terminal size of "STDOUT_FILENO"!
2024/02/19 (16:16:18) | ERROR: Couldn't determine terminal size of "/dev/tty"!
2024/02/19 (16:16:20) | ERROR: Couldn't determine terminal size of "STDOUT_FILENO"!
2024/02/19 (16:16:20) | ERROR: Couldn't determine terminal size of "/dev/tty"!
2024/02/19 (16:16:22) | ERROR: Couldn't determine terminal size of "STDOUT_FILENO"!
2024/02/19 (16:16:22) | ERROR: Couldn't determine terminal size of "/dev/tty"!
2024/02/19 (16:16:24) | ERROR: Couldn't determine terminal size of "STDOUT_FILENO"!
2024/02/19 (16:16:24) | ERROR: Couldn't determine terminal size of "/dev/tty"!
2024/02/19 (16:16:26) | ERROR: Couldn't determine terminal size of "STDOUT_FILENO"!
2024/02/19 (16:16:26) | ERROR: Couldn't determine terminal size of "/dev/tty"!
2024/02/19 (16:16:28) | ERROR: Couldn't determine terminal size of "STDOUT_FILENO"!
2024/02/19 (16:16:28) | ERROR: Couldn't determine terminal size of "/dev/tty"!
2024/02/19 (16:16:30) | ERROR: Couldn't determine terminal size of "STDOUT_FILENO"!
2024/02/19 (16:16:30) | ERROR: Couldn't determine terminal size of "/dev/tty"!
2024/02/19 (16:16:32) | ERROR: Couldn't determine terminal size of "STDOUT_FILENO"!
2024/02/19 (16:16:32) | ERROR: Couldn't determine terminal size of "/dev/tty"!
2024/02/19 (16:16:34) | ERROR: Couldn't determine terminal size of "STDOUT_FILENO"!
2024/02/19 (16:16:34) | ERROR: Couldn't determine terminal size of "/dev/tty"!
2024/02/19 (16:16:36) | ERROR: Couldn't determine terminal size of "STDOUT_FILENO"!
2024/02/19 (16:16:36) | ERROR: Couldn't determine terminal size of "/dev/tty"!
2024/02/19 (16:16:38) | ERROR: Couldn't determine terminal size of "STDOUT_FILENO"!
2024/02/19 (16:16:38) | ERROR: Couldn't determine terminal size of "/dev/tty"!
2024/02/19 (16:16:40) | ERROR: Couldn't determine terminal size of "STDOUT_FILENO"!
2024/02/19 (16:16:40) | ERROR: Couldn't determine terminal size of "/dev/tty"!
2024/02/19 (16:16:42) | ERROR: Couldn't determine terminal size of "STDOUT_FILENO"!
2024/02/19 (16:16:42) | ERROR: Couldn't determine terminal size of "/dev/tty"!
2024/02/19 (16:16:44) | ERROR: Couldn't determine terminal size of "STDOUT_FILENO"!
2024/02/19 (16:16:44) | ERROR: Couldn't determine terminal size of "/dev/tty"!
2024/02/19 (16:16:46) | ERROR: Couldn't determine terminal size of "STDOUT_FILENO"!
2024/02/19 (16:16:46) | ERROR: Couldn't determine terminal size of "/dev/tty"!
2024/02/19 (16:16:48) | ERROR: Couldn't determine terminal size of "STDOUT_FILENO"!
2024/02/19 (16:16:48) | ERROR: Couldn't determine terminal size of "/dev/tty"!
2024/02/19 (16:16:50) | ERROR: Couldn't determine terminal size of "STDOUT_FILENO"!
2024/02/19 (16:16:50) | ERROR: Couldn't determine terminal size of "/dev/tty"!
2024/02/19 (16:16:52) | ERROR: Couldn't determine terminal size of "STDOUT_FILENO"!
2024/02/19 (16:16:52) | ERROR: Couldn't determine terminal size of "/dev/tty"!
2024/02/19 (16:16:54) | ERROR: Couldn't determine terminal size of "STDOUT_FILENO"!
2024/02/19 (16:16:54) | ERROR: Couldn't determine terminal size of "/dev/tty"!
2024/02/19 (16:16:56) | ERROR: Couldn't determine terminal size of "STDOUT_FILENO"!
2024/02/19 (16:16:56) | ERROR: Couldn't determine terminal size of "/dev/tty"!
2024/02/19 (16:16:58) | ERROR: Couldn't determine terminal size of "STDOUT_FILENO"!
2024/02/19 (16:16:58) | ERROR: Couldn't determine terminal size of "/dev/tty"!
2024/02/19 (16:17:00) | ERROR: Couldn't determine terminal size of "STDOUT_FILENO"!
2024/02/19 (16:17:00) | ERROR: Couldn't determine terminal size of "/dev/tty"!
2024/02/19 (16:17:02) | ERROR: Couldn't determine terminal size of "STDOUT_FILENO"!
2024/02/19 (16:17:02) | ERROR: Couldn't determine terminal size of "/dev/tty"!
2024/02/19 (16:17:04) | ERROR: Couldn't determine terminal size of "STDOUT_FILENO"!
2024/02/19 (16:17:04) | ERROR: Couldn't determine terminal size of "/dev/tty"!
2024/02/19 (16:17:06) | ERROR: Couldn't determine terminal size of "STDOUT_FILENO"!
2024/02/19 (16:17:06) | ERROR: Couldn't determine terminal size of "/dev/tty"!
2024/02/19 (16:17:08) | ERROR: Couldn't determine terminal size of "STDOUT_FILENO"!
2024/02/19 (16:17:08) | ERROR: Couldn't determine terminal size of "/dev/tty"!
2024/02/19 (16:17:10) | ERROR: Couldn't determine terminal size of "STDOUT_FILENO"!
2024/02/19 (16:17:10) | ERROR: Couldn't determine terminal size of "/dev/tty"!
2024/02/19 (16:17:12) | ERROR: Couldn't determine terminal size of "STDOUT_FILENO"!
2024/02/19 (16:17:12) | ERROR: Couldn't determine terminal size of "/dev/tty"!
2024/02/19 (16:17:14) | ERROR: Couldn't determine terminal size of "STDOUT_FILENO"!
2024/02/19 (16:17:14) | ERROR: Couldn't determine terminal size of "/dev/tty"!
2024/02/19 (16:17:16) | ERROR: Couldn't determine terminal size of "STDOUT_FILENO"!
2024/02/19 (16:17:16) | ERROR: Couldn't determine terminal size of "/dev/tty"!
2024/02/19 (16:17:18) | ERROR: Couldn't determine terminal size of "STDOUT_FILENO"!
2024/02/19 (16:17:18) | ERROR: Couldn't determine terminal size of "/dev/tty"!
2024/02/19 (16:17:20) | ERROR: Couldn't determine terminal size of "STDOUT_FILENO"!
2024/02/19 (16:17:20) | ERROR: Couldn't determine terminal size of "/dev/tty"!
2024/02/19 (16:17:22) | ERROR: Couldn't determine terminal size of "STDOUT_FILENO"!
2024/02/19 (16:17:22) | ERROR: Couldn't determine terminal size of "/dev/tty"!
2024/02/19 (16:17:24) | ERROR: Couldn't determine terminal size of "STDOUT_FILENO"!
2024/02/19 (16:17:24) | ERROR: Couldn't determine terminal size of "/dev/tty"!
2024/02/19 (16:17:26) | ERROR: Couldn't determine terminal size of "STDOUT_FILENO"!
2024/02/19 (16:17:26) | ERROR: Couldn't determine terminal size of "/dev/tty"!
2024/02/19 (16:17:28) | ERROR: Couldn't determine terminal size of "STDOUT_FILENO"!
2024/02/19 (16:17:28) | ERROR: Couldn't determine terminal size of "/dev/tty"!
2024/02/19 (16:17:30) | ERROR: Couldn't determine terminal size of "STDOUT_FILENO"!
2024/02/19 (16:17:30) | ERROR: Couldn't determine terminal size of "/dev/tty"!
2024/02/19 (16:17:32) | ERROR: Couldn't determine terminal size of "STDOUT_FILENO"!
2024/02/19 (16:17:32) | ERROR: Couldn't determine terminal size of "/dev/tty"!
2024/02/19 (16:17:34) | ERROR: Couldn't determine terminal size of "STDOUT_FILENO"!
2024/02/19 (16:17:34) | ERROR: Couldn't determine terminal size of "/dev/tty"!
2024/02/19 (16:17:36) | ERROR: Couldn't determine terminal size of "STDOUT_FILENO"!
2024/02/19 (16:17:36) | ERROR: Couldn't determine terminal size of "/dev/tty"!
2024/02/19 (16:17:38) | ERROR: Couldn't determine terminal size of "STDOUT_FILENO"!
2024/02/19 (16:17:38) | ERROR: Couldn't determine terminal size of "/dev/tty"!
2024/02/19 (16:17:40) | ERROR: Couldn't determine terminal size of "STDOUT_FILENO"!
2024/02/19 (16:17:40) | ERROR: Couldn't determine terminal size of "/dev/tty"!
2024/02/19 (16:17:42) | ERROR: Couldn't determine terminal size of "STDOUT_FILENO"!
2024/02/19 (16:17:42) | ERROR: Couldn't determine terminal size of "/dev/tty"!
2024/02/19 (16:17:44) | ERROR: Couldn't determine terminal size of "STDOUT_FILENO"!
2024/02/19 (16:17:44) | ERROR: Couldn't determine terminal size of "/dev/tty"!
2024/02/19 (16:17:46) | ERROR: Couldn't determine terminal size of "STDOUT_FILENO"!
2024/02/19 (16:17:46) | ERROR: Couldn't determine terminal size of "/dev/tty"!
2024/02/19 (16:17:48) | ERROR: Couldn't determine terminal size of "STDOUT_FILENO"!
2024/02/19 (16:17:48) | ERROR: Couldn't determine terminal size of "/dev/tty"!
2024/02/19 (16:17:50) | ERROR: Couldn't determine terminal size of "STDOUT_FILENO"!
2024/02/19 (16:17:50) | ERROR: Couldn't determine terminal size of "/dev/tty"!
2024/02/19 (16:17:52) | ERROR: Couldn't determine terminal size of "STDOUT_FILENO"!
2024/02/19 (16:17:52) | ERROR: Couldn't determine terminal size of "/dev/tty"!
2024/02/19 (16:17:54) | ERROR: Couldn't determine terminal size of "STDOUT_FILENO"!
2024/02/19 (16:17:54) | ERROR: Couldn't determine terminal size of "/dev/tty"!
2024/02/19 (16:17:56) | ERROR: Couldn't determine terminal size of "STDOUT_FILENO"!
2024/02/19 (16:17:56) | ERROR: Couldn't determine terminal size of "/dev/tty"!
2024/02/19 (16:17:58) | ERROR: Couldn't determine terminal size of "STDOUT_FILENO"!
2024/02/19 (16:17:58) | ERROR: Couldn't determine terminal size of "/dev/tty"!
2024/02/19 (16:18:00) | ERROR: Couldn't determine terminal size of "STDOUT_FILENO"!
2024/02/19 (16:18:00) | ERROR: Couldn't determine terminal size of "/dev/tty"!
2024/02/19 (16:18:02) | ERROR: Couldn't determine terminal size of "STDOUT_FILENO"!
2024/02/19 (16:18:02) | ERROR: Couldn't determine terminal size of "/dev/tty"!
2024/02/19 (16:18:04) | ERROR: Couldn't determine terminal size of "STDOUT_FILENO"!
2024/02/19 (16:18:04) | ERROR: Couldn't determine terminal size of "/dev/tty"!
2024/02/19 (16:18:06) | ERROR: Couldn't determine terminal size of "STDOUT_FILENO"!
2024/02/19 (16:18:06) | ERROR: Couldn't determine terminal size of "/dev/tty"!
2024/02/19 (16:18:08) | ERROR: Couldn't determine terminal size of "STDOUT_FILENO"!
2024/02/19 (16:18:08) | ERROR: Couldn't determine terminal size of "/dev/tty"!
